{"C:\\Users\\levil\\Documents\\JWT_auth_app\\client\\src\\helper\\convert.js": {"path":"C:\\Users\\levil\\Documents\\JWT_auth_app\\client\\src\\helper\\convert.js","statementMap":{"0":{"start":{"line":3,"column":1},"end":{"line":14,"column":4}},"1":{"start":{"line":4,"column":21},"end":{"line":4,"column":37}},"2":{"start":{"line":5,"column":2},"end":{"line":5,"column":33}},"3":{"start":{"line":7,"column":2},"end":{"line":9,"column":4}},"4":{"start":{"line":8,"column":3},"end":{"line":8,"column":30}},"5":{"start":{"line":11,"column":2},"end":{"line":13,"column":4}},"6":{"start":{"line":12,"column":3},"end":{"line":12,"column":17}}},"fnMap":{"0":{"name":"convertToBase64","decl":{"start":{"line":2,"column":24},"end":{"line":2,"column":39}},"loc":{"start":{"line":2,"column":46},"end":{"line":15,"column":1}},"line":2},"1":{"name":"(anonymous_1)","decl":{"start":{"line":3,"column":20},"end":{"line":3,"column":21}},"loc":{"start":{"line":3,"column":41},"end":{"line":14,"column":2}},"line":3},"2":{"name":"(anonymous_2)","decl":{"start":{"line":7,"column":22},"end":{"line":7,"column":23}},"loc":{"start":{"line":7,"column":28},"end":{"line":9,"column":3}},"line":7},"3":{"name":"(anonymous_3)","decl":{"start":{"line":11,"column":23},"end":{"line":11,"column":24}},"loc":{"start":{"line":11,"column":34},"end":{"line":13,"column":3}},"line":11}},"branchMap":{},"s":{"0":0,"1":0,"2":0,"3":0,"4":0,"5":0,"6":0},"f":{"0":0,"1":0,"2":0,"3":0},"b":{}}
,"C:\\Users\\levil\\Documents\\JWT_auth_app\\client\\src\\helper\\helper.js": {"path":"C:\\Users\\levil\\Documents\\JWT_auth_app\\client\\src\\helper\\helper.js","statementMap":{"0":{"start":{"line":4,"column":0},"end":{"line":4,"column":61}},"1":{"start":{"line":10,"column":15},"end":{"line":10,"column":44}},"2":{"start":{"line":11,"column":1},"end":{"line":11,"column":56}},"3":{"start":{"line":11,"column":13},"end":{"line":11,"column":56}},"4":{"start":{"line":12,"column":14},"end":{"line":12,"column":31}},"5":{"start":{"line":13,"column":1},"end":{"line":13,"column":15}},"6":{"start":{"line":18,"column":1},"end":{"line":25,"column":2}},"7":{"start":{"line":19,"column":19},"end":{"line":19,"column":70}},"8":{"start":{"line":20,"column":20},"end":{"line":20,"column":33}},"9":{"start":{"line":21,"column":2},"end":{"line":21,"column":39}},"10":{"start":{"line":22,"column":2},"end":{"line":22,"column":18}},"11":{"start":{"line":24,"column":2},"end":{"line":24,"column":49}},"12":{"start":{"line":30,"column":1},"end":{"line":35,"column":2}},"13":{"start":{"line":31,"column":19},"end":{"line":31,"column":59}},"14":{"start":{"line":32,"column":2},"end":{"line":32,"column":18}},"15":{"start":{"line":34,"column":2},"end":{"line":34,"column":49}},"16":{"start":{"line":40,"column":1},"end":{"line":61,"column":2}},"17":{"start":{"line":44,"column":6},"end":{"line":44,"column":52}},"18":{"start":{"line":46,"column":28},"end":{"line":46,"column":39}},"19":{"start":{"line":49,"column":2},"end":{"line":55,"column":3}},"20":{"start":{"line":50,"column":3},"end":{"line":54,"column":6}},"21":{"start":{"line":57,"column":2},"end":{"line":57,"column":39}},"22":{"start":{"line":58,"column":2},"end":{"line":58,"column":30}},"23":{"start":{"line":60,"column":2},"end":{"line":60,"column":35}},"24":{"start":{"line":66,"column":1},"end":{"line":73,"column":2}},"25":{"start":{"line":67,"column":2},"end":{"line":70,"column":3}},"26":{"start":{"line":68,"column":20},"end":{"line":68,"column":74}},"27":{"start":{"line":69,"column":3},"end":{"line":69,"column":36}},"28":{"start":{"line":72,"column":2},"end":{"line":72,"column":65}},"29":{"start":{"line":78,"column":1},"end":{"line":87,"column":2}},"30":{"start":{"line":79,"column":16},"end":{"line":79,"column":51}},"31":{"start":{"line":80,"column":15},"end":{"line":82,"column":4}},"32":{"start":{"line":84,"column":2},"end":{"line":84,"column":35}},"33":{"start":{"line":86,"column":2},"end":{"line":86,"column":66}},"34":{"start":{"line":92,"column":1},"end":{"line":114,"column":2}},"35":{"start":{"line":96,"column":6},"end":{"line":96,"column":67}},"36":{"start":{"line":99,"column":2},"end":{"line":110,"column":3}},"37":{"start":{"line":102,"column":7},"end":{"line":102,"column":34}},"38":{"start":{"line":103,"column":14},"end":{"line":103,"column":88}},"39":{"start":{"line":104,"column":3},"end":{"line":109,"column":6}},"40":{"start":{"line":111,"column":2},"end":{"line":111,"column":31}},"41":{"start":{"line":113,"column":2},"end":{"line":113,"column":35}},"42":{"start":{"line":119,"column":1},"end":{"line":126,"column":2}},"43":{"start":{"line":120,"column":27},"end":{"line":122,"column":4}},"44":{"start":{"line":123,"column":2},"end":{"line":123,"column":26}},"45":{"start":{"line":125,"column":2},"end":{"line":125,"column":31}},"46":{"start":{"line":131,"column":1},"end":{"line":139,"column":2}},"47":{"start":{"line":132,"column":27},"end":{"line":135,"column":4}},"48":{"start":{"line":136,"column":2},"end":{"line":136,"column":43}},"49":{"start":{"line":138,"column":2},"end":{"line":138,"column":35}}},"fnMap":{"0":{"name":"getUsername","decl":{"start":{"line":9,"column":22},"end":{"line":9,"column":33}},"loc":{"start":{"line":9,"column":36},"end":{"line":14,"column":1}},"line":9},"1":{"name":"authenticate","decl":{"start":{"line":17,"column":22},"end":{"line":17,"column":34}},"loc":{"start":{"line":17,"column":45},"end":{"line":26,"column":1}},"line":17},"2":{"name":"getUser","decl":{"start":{"line":29,"column":22},"end":{"line":29,"column":29}},"loc":{"start":{"line":29,"column":44},"end":{"line":36,"column":1}},"line":29},"3":{"name":"registerUser","decl":{"start":{"line":39,"column":22},"end":{"line":39,"column":34}},"loc":{"start":{"line":39,"column":48},"end":{"line":62,"column":1}},"line":39},"4":{"name":"verifyPassword","decl":{"start":{"line":65,"column":22},"end":{"line":65,"column":36}},"loc":{"start":{"line":65,"column":61},"end":{"line":74,"column":1}},"line":65},"5":{"name":"updateUser","decl":{"start":{"line":77,"column":22},"end":{"line":77,"column":32}},"loc":{"start":{"line":77,"column":43},"end":{"line":88,"column":1}},"line":77},"6":{"name":"generateOTP","decl":{"start":{"line":91,"column":22},"end":{"line":91,"column":33}},"loc":{"start":{"line":91,"column":44},"end":{"line":115,"column":1}},"line":91},"7":{"name":"verifyOTP","decl":{"start":{"line":118,"column":22},"end":{"line":118,"column":31}},"loc":{"start":{"line":118,"column":52},"end":{"line":127,"column":1}},"line":118},"8":{"name":"resetPassword","decl":{"start":{"line":130,"column":22},"end":{"line":130,"column":35}},"loc":{"start":{"line":130,"column":60},"end":{"line":140,"column":1}},"line":130}},"branchMap":{"0":{"loc":{"start":{"line":11,"column":1},"end":{"line":11,"column":56}},"type":"if","locations":[{"start":{"line":11,"column":1},"end":{"line":11,"column":56}},{"start":{},"end":{}}],"line":11},"1":{"loc":{"start":{"line":49,"column":2},"end":{"line":55,"column":3}},"type":"if","locations":[{"start":{"line":49,"column":2},"end":{"line":55,"column":3}},{"start":{},"end":{}}],"line":49},"2":{"loc":{"start":{"line":67,"column":2},"end":{"line":70,"column":3}},"type":"if","locations":[{"start":{"line":67,"column":2},"end":{"line":70,"column":3}},{"start":{},"end":{}}],"line":67},"3":{"loc":{"start":{"line":99,"column":2},"end":{"line":110,"column":3}},"type":"if","locations":[{"start":{"line":99,"column":2},"end":{"line":110,"column":3}},{"start":{},"end":{}}],"line":99}},"s":{"0":0,"1":0,"2":0,"3":0,"4":0,"5":0,"6":0,"7":0,"8":0,"9":0,"10":0,"11":0,"12":0,"13":0,"14":0,"15":0,"16":0,"17":0,"18":0,"19":0,"20":0,"21":0,"22":0,"23":0,"24":0,"25":0,"26":0,"27":0,"28":0,"29":0,"30":0,"31":0,"32":0,"33":0,"34":0,"35":0,"36":0,"37":0,"38":0,"39":0,"40":0,"41":0,"42":0,"43":0,"44":0,"45":0,"46":0,"47":0,"48":0,"49":0},"f":{"0":0,"1":0,"2":0,"3":0,"4":0,"5":0,"6":0,"7":0,"8":0},"b":{"0":[0,0],"1":[0,0],"2":[0,0],"3":[0,0]}}
,"C:\\Users\\levil\\Documents\\JWT_auth_app\\client\\src\\helper\\validate.js": {"path":"C:\\Users\\levil\\Documents\\JWT_auth_app\\client\\src\\helper\\validate.js","statementMap":{"0":{"start":{"line":6,"column":16},"end":{"line":6,"column":42}},"1":{"start":{"line":8,"column":1},"end":{"line":15,"column":2}},"2":{"start":{"line":10,"column":21},"end":{"line":10,"column":56}},"3":{"start":{"line":12,"column":2},"end":{"line":14,"column":3}},"4":{"start":{"line":13,"column":3},"end":{"line":13,"column":57}},"5":{"start":{"line":17,"column":1},"end":{"line":17,"column":15}},"6":{"start":{"line":22,"column":16},"end":{"line":22,"column":42}},"7":{"start":{"line":24,"column":1},"end":{"line":24,"column":15}},"8":{"start":{"line":29,"column":16},"end":{"line":29,"column":42}},"9":{"start":{"line":31,"column":1},"end":{"line":33,"column":2}},"10":{"start":{"line":32,"column":2},"end":{"line":32,"column":57}},"11":{"start":{"line":35,"column":1},"end":{"line":35,"column":15}},"12":{"start":{"line":40,"column":16},"end":{"line":40,"column":42}},"13":{"start":{"line":41,"column":1},"end":{"line":41,"column":32}},"14":{"start":{"line":42,"column":1},"end":{"line":42,"column":29}},"15":{"start":{"line":44,"column":1},"end":{"line":44,"column":15}},"16":{"start":{"line":49,"column":16},"end":{"line":49,"column":39}},"17":{"start":{"line":50,"column":1},"end":{"line":50,"column":15}},"18":{"start":{"line":59,"column":22},"end":{"line":59,"column":63}},"19":{"start":{"line":61,"column":1},"end":{"line":71,"column":2}},"20":{"start":{"line":62,"column":2},"end":{"line":62,"column":57}},"21":{"start":{"line":63,"column":8},"end":{"line":71,"column":2}},"22":{"start":{"line":64,"column":2},"end":{"line":64,"column":54}},"23":{"start":{"line":65,"column":8},"end":{"line":71,"column":2}},"24":{"start":{"line":66,"column":2},"end":{"line":68,"column":4}},"25":{"start":{"line":69,"column":8},"end":{"line":71,"column":2}},"26":{"start":{"line":70,"column":2},"end":{"line":70,"column":72}},"27":{"start":{"line":73,"column":1},"end":{"line":73,"column":15}},"28":{"start":{"line":79,"column":1},"end":{"line":83,"column":2}},"29":{"start":{"line":80,"column":2},"end":{"line":80,"column":56}},"30":{"start":{"line":81,"column":8},"end":{"line":83,"column":2}},"31":{"start":{"line":82,"column":2},"end":{"line":82,"column":55}},"32":{"start":{"line":84,"column":1},"end":{"line":84,"column":14}},"33":{"start":{"line":89,"column":1},"end":{"line":95,"column":2}},"34":{"start":{"line":90,"column":2},"end":{"line":90,"column":50}},"35":{"start":{"line":91,"column":8},"end":{"line":95,"column":2}},"36":{"start":{"line":92,"column":2},"end":{"line":92,"column":47}},"37":{"start":{"line":93,"column":8},"end":{"line":95,"column":2}},"38":{"start":{"line":94,"column":2},"end":{"line":94,"column":57}},"39":{"start":{"line":97,"column":1},"end":{"line":97,"column":14}}},"fnMap":{"0":{"name":"usernameValidate","decl":{"start":{"line":5,"column":22},"end":{"line":5,"column":38}},"loc":{"start":{"line":5,"column":47},"end":{"line":18,"column":1}},"line":5},"1":{"name":"passwordValidate","decl":{"start":{"line":21,"column":22},"end":{"line":21,"column":38}},"loc":{"start":{"line":21,"column":47},"end":{"line":25,"column":1}},"line":21},"2":{"name":"resetPasswordValidation","decl":{"start":{"line":28,"column":22},"end":{"line":28,"column":45}},"loc":{"start":{"line":28,"column":54},"end":{"line":36,"column":1}},"line":28},"3":{"name":"registerValidation","decl":{"start":{"line":39,"column":22},"end":{"line":39,"column":40}},"loc":{"start":{"line":39,"column":49},"end":{"line":45,"column":1}},"line":39},"4":{"name":"profileValidation","decl":{"start":{"line":48,"column":22},"end":{"line":48,"column":39}},"loc":{"start":{"line":48,"column":48},"end":{"line":51,"column":1}},"line":48},"5":{"name":"passwordVerify","decl":{"start":{"line":57,"column":9},"end":{"line":57,"column":23}},"loc":{"start":{"line":57,"column":45},"end":{"line":74,"column":1}},"line":57},"6":{"name":"usernameVerify","decl":{"start":{"line":78,"column":9},"end":{"line":78,"column":23}},"loc":{"start":{"line":78,"column":44},"end":{"line":85,"column":1}},"line":78},"7":{"name":"emailVerify","decl":{"start":{"line":88,"column":9},"end":{"line":88,"column":20}},"loc":{"start":{"line":88,"column":41},"end":{"line":98,"column":1}},"line":88}},"branchMap":{"0":{"loc":{"start":{"line":8,"column":1},"end":{"line":15,"column":2}},"type":"if","locations":[{"start":{"line":8,"column":1},"end":{"line":15,"column":2}},{"start":{},"end":{}}],"line":8},"1":{"loc":{"start":{"line":12,"column":2},"end":{"line":14,"column":3}},"type":"if","locations":[{"start":{"line":12,"column":2},"end":{"line":14,"column":3}},{"start":{},"end":{}}],"line":12},"2":{"loc":{"start":{"line":31,"column":1},"end":{"line":33,"column":2}},"type":"if","locations":[{"start":{"line":31,"column":1},"end":{"line":33,"column":2}},{"start":{},"end":{}}],"line":31},"3":{"loc":{"start":{"line":57,"column":24},"end":{"line":57,"column":35}},"type":"default-arg","locations":[{"start":{"line":57,"column":33},"end":{"line":57,"column":35}}],"line":57},"4":{"loc":{"start":{"line":61,"column":1},"end":{"line":71,"column":2}},"type":"if","locations":[{"start":{"line":61,"column":1},"end":{"line":71,"column":2}},{"start":{"line":63,"column":8},"end":{"line":71,"column":2}}],"line":61},"5":{"loc":{"start":{"line":63,"column":8},"end":{"line":71,"column":2}},"type":"if","locations":[{"start":{"line":63,"column":8},"end":{"line":71,"column":2}},{"start":{"line":65,"column":8},"end":{"line":71,"column":2}}],"line":63},"6":{"loc":{"start":{"line":65,"column":8},"end":{"line":71,"column":2}},"type":"if","locations":[{"start":{"line":65,"column":8},"end":{"line":71,"column":2}},{"start":{"line":69,"column":8},"end":{"line":71,"column":2}}],"line":65},"7":{"loc":{"start":{"line":69,"column":8},"end":{"line":71,"column":2}},"type":"if","locations":[{"start":{"line":69,"column":8},"end":{"line":71,"column":2}},{"start":{},"end":{}}],"line":69},"8":{"loc":{"start":{"line":78,"column":24},"end":{"line":78,"column":34}},"type":"default-arg","locations":[{"start":{"line":78,"column":32},"end":{"line":78,"column":34}}],"line":78},"9":{"loc":{"start":{"line":79,"column":1},"end":{"line":83,"column":2}},"type":"if","locations":[{"start":{"line":79,"column":1},"end":{"line":83,"column":2}},{"start":{"line":81,"column":8},"end":{"line":83,"column":2}}],"line":79},"10":{"loc":{"start":{"line":81,"column":8},"end":{"line":83,"column":2}},"type":"if","locations":[{"start":{"line":81,"column":8},"end":{"line":83,"column":2}},{"start":{},"end":{}}],"line":81},"11":{"loc":{"start":{"line":88,"column":21},"end":{"line":88,"column":31}},"type":"default-arg","locations":[{"start":{"line":88,"column":29},"end":{"line":88,"column":31}}],"line":88},"12":{"loc":{"start":{"line":89,"column":1},"end":{"line":95,"column":2}},"type":"if","locations":[{"start":{"line":89,"column":1},"end":{"line":95,"column":2}},{"start":{"line":91,"column":8},"end":{"line":95,"column":2}}],"line":89},"13":{"loc":{"start":{"line":91,"column":8},"end":{"line":95,"column":2}},"type":"if","locations":[{"start":{"line":91,"column":8},"end":{"line":95,"column":2}},{"start":{"line":93,"column":8},"end":{"line":95,"column":2}}],"line":91},"14":{"loc":{"start":{"line":93,"column":8},"end":{"line":95,"column":2}},"type":"if","locations":[{"start":{"line":93,"column":8},"end":{"line":95,"column":2}},{"start":{},"end":{}}],"line":93}},"s":{"0":0,"1":0,"2":0,"3":0,"4":0,"5":0,"6":0,"7":0,"8":0,"9":0,"10":0,"11":0,"12":0,"13":0,"14":0,"15":0,"16":0,"17":0,"18":0,"19":0,"20":0,"21":0,"22":0,"23":0,"24":0,"25":0,"26":0,"27":0,"28":0,"29":0,"30":0,"31":0,"32":0,"33":0,"34":0,"35":0,"36":0,"37":0,"38":0,"39":0},"f":{"0":0,"1":0,"2":0,"3":0,"4":0,"5":0,"6":0,"7":0},"b":{"0":[0,0],"1":[0,0],"2":[0,0],"3":[0],"4":[0,0],"5":[0,0],"6":[0,0],"7":[0,0],"8":[0],"9":[0,0],"10":[0,0],"11":[0],"12":[0,0],"13":[0,0],"14":[0,0]}}
,"C:\\Users\\levil\\Documents\\JWT_auth_app\\client\\src\\hooks\\fetch.hooks.js": {"path":"C:\\Users\\levil\\Documents\\JWT_auth_app\\client\\src\\hooks\\fetch.hooks.js","statementMap":{"0":{"start":{"line":5,"column":0},"end":{"line":5,"column":61}},"1":{"start":{"line":9,"column":28},"end":{"line":14,"column":3}},"2":{"start":{"line":16,"column":1},"end":{"line":41,"column":13}},"3":{"start":{"line":17,"column":20},"end":{"line":39,"column":3}},"4":{"start":{"line":18,"column":3},"end":{"line":38,"column":4}},"5":{"start":{"line":19,"column":4},"end":{"line":19,"column":54}},"6":{"start":{"line":19,"column":23},"end":{"line":19,"column":51}},"7":{"start":{"line":21,"column":19},"end":{"line":21,"column":21}},"8":{"start":{"line":22,"column":4},"end":{"line":25,"column":5}},"9":{"start":{"line":23,"column":32},"end":{"line":23,"column":51}},"10":{"start":{"line":24,"column":5},"end":{"line":24,"column":21}},"11":{"start":{"line":27,"column":29},"end":{"line":29,"column":39}},"12":{"start":{"line":31,"column":4},"end":{"line":33,"column":5}},"13":{"start":{"line":32,"column":5},"end":{"line":32,"column":61}},"14":{"start":{"line":32,"column":24},"end":{"line":32,"column":58}},"15":{"start":{"line":35,"column":4},"end":{"line":35,"column":55}},"16":{"start":{"line":35,"column":23},"end":{"line":35,"column":52}},"17":{"start":{"line":37,"column":4},"end":{"line":37,"column":75}},"18":{"start":{"line":37,"column":23},"end":{"line":37,"column":72}},"19":{"start":{"line":40,"column":2},"end":{"line":40,"column":14}},"20":{"start":{"line":43,"column":1},"end":{"line":43,"column":27}}},"fnMap":{"0":{"name":"useFetch","decl":{"start":{"line":8,"column":24},"end":{"line":8,"column":32}},"loc":{"start":{"line":8,"column":40},"end":{"line":44,"column":1}},"line":8},"1":{"name":"(anonymous_1)","decl":{"start":{"line":16,"column":11},"end":{"line":16,"column":12}},"loc":{"start":{"line":16,"column":17},"end":{"line":41,"column":2}},"line":16},"2":{"name":"(anonymous_2)","decl":{"start":{"line":17,"column":20},"end":{"line":17,"column":21}},"loc":{"start":{"line":17,"column":32},"end":{"line":39,"column":3}},"line":17},"3":{"name":"(anonymous_3)","decl":{"start":{"line":19,"column":12},"end":{"line":19,"column":13}},"loc":{"start":{"line":19,"column":23},"end":{"line":19,"column":51}},"line":19},"4":{"name":"(anonymous_4)","decl":{"start":{"line":32,"column":13},"end":{"line":32,"column":14}},"loc":{"start":{"line":32,"column":24},"end":{"line":32,"column":58}},"line":32},"5":{"name":"(anonymous_5)","decl":{"start":{"line":35,"column":12},"end":{"line":35,"column":13}},"loc":{"start":{"line":35,"column":23},"end":{"line":35,"column":52}},"line":35},"6":{"name":"(anonymous_6)","decl":{"start":{"line":37,"column":12},"end":{"line":37,"column":13}},"loc":{"start":{"line":37,"column":23},"end":{"line":37,"column":72}},"line":37}},"branchMap":{"0":{"loc":{"start":{"line":22,"column":4},"end":{"line":25,"column":5}},"type":"if","locations":[{"start":{"line":22,"column":4},"end":{"line":25,"column":5}},{"start":{},"end":{}}],"line":22},"1":{"loc":{"start":{"line":27,"column":29},"end":{"line":29,"column":39}},"type":"cond-expr","locations":[{"start":{"line":28,"column":7},"end":{"line":28,"column":47}},{"start":{"line":29,"column":7},"end":{"line":29,"column":39}}],"line":27},"2":{"loc":{"start":{"line":31,"column":4},"end":{"line":33,"column":5}},"type":"if","locations":[{"start":{"line":31,"column":4},"end":{"line":33,"column":5}},{"start":{},"end":{}}],"line":31}},"s":{"0":0,"1":0,"2":0,"3":0,"4":0,"5":0,"6":0,"7":0,"8":0,"9":0,"10":0,"11":0,"12":0,"13":0,"14":0,"15":0,"16":0,"17":0,"18":0,"19":0,"20":0},"f":{"0":0,"1":0,"2":0,"3":0,"4":0,"5":0,"6":0},"b":{"0":[0,0],"1":[0,0],"2":[0,0]}}
,"C:\\Users\\levil\\Documents\\JWT_auth_app\\client\\src\\store\\store.js": {"path":"C:\\Users\\levil\\Documents\\JWT_auth_app\\client\\src\\store\\store.js","statementMap":{"0":{"start":{"line":3,"column":28},"end":{"line":10,"column":3}},"1":{"start":{"line":3,"column":45},"end":{"line":10,"column":1}},"2":{"start":{"line":9,"column":2},"end":{"line":9,"column":63}},"3":{"start":{"line":9,"column":18},"end":{"line":9,"column":61}}},"fnMap":{"0":{"name":"(anonymous_0)","decl":{"start":{"line":3,"column":35},"end":{"line":3,"column":36}},"loc":{"start":{"line":3,"column":45},"end":{"line":10,"column":1}},"line":3},"1":{"name":"(anonymous_1)","decl":{"start":{"line":8,"column":14},"end":{"line":8,"column":15}},"loc":{"start":{"line":9,"column":2},"end":{"line":9,"column":63}},"line":9},"2":{"name":"(anonymous_2)","decl":{"start":{"line":9,"column":6},"end":{"line":9,"column":7}},"loc":{"start":{"line":9,"column":18},"end":{"line":9,"column":61}},"line":9}},"branchMap":{},"s":{"0":0,"1":0,"2":0,"3":0},"f":{"0":0,"1":0,"2":0},"b":{}}
}
